Added Component: Designator=ANALOGOS(1x8x2.54 Pin Header TH V)
Add component. Clean all parameters for all variants
Added Component: Designator=C1(C Elec SMD 4x5.4-10u-16V)
Add component. Clean all parameters for all variants
Added Component: Designator=C2(C0603-0.80)
Add component. Clean all parameters for all variants
Add component (AddParameter): Name = "LatestRevisionDate"; Value = "17-Jul-2002"; VariantName = "[No Variations]"
Add component (AddParameter): Name = "LatestRevisionNote"; Value = "Re-released for DXP Platform."; VariantName = "[No Variations]"
Add component (AddParameter): Name = "PackageDescription"; Value = "Radial Cap, Thru-Hole; 2 Leads; 0.3 in Pin Spacing"; VariantName = "[No Variations]"
Add component (AddParameter): Name = "PackageReference"; Value = "RAD-0.3"; VariantName = "[No Variations]"
Add component (AddParameter): Name = "Published"; Value = "8-Jun-2000"; VariantName = "[No Variations]"
Add component (AddParameter): Name = "Publisher"; Value = "Altium Limited"; VariantName = "[No Variations]"
Add component (AddParameter): Name = "Value"; Value = "10nF"; VariantName = "[No Variations]"
Added Component: Designator=C3(C Elec SMD 4x5.4-10u-16V)
Add component. Clean all parameters for all variants
Added Component: Designator=C4(C0603-0.80)
Add component. Clean all parameters for all variants
Add component (AddParameter): Name = "LatestRevisionDate"; Value = "17-Jul-2002"; VariantName = "[No Variations]"
Add component (AddParameter): Name = "LatestRevisionNote"; Value = "Re-released for DXP Platform."; VariantName = "[No Variations]"
Add component (AddParameter): Name = "PackageDescription"; Value = "Radial Cap, Thru-Hole; 2 Leads; 0.3 in Pin Spacing"; VariantName = "[No Variations]"
Add component (AddParameter): Name = "PackageReference"; Value = "RAD-0.3"; VariantName = "[No Variations]"
Add component (AddParameter): Name = "Published"; Value = "8-Jun-2000"; VariantName = "[No Variations]"
Add component (AddParameter): Name = "Publisher"; Value = "Altium Limited"; VariantName = "[No Variations]"
Add component (AddParameter): Name = "Value"; Value = "10nF"; VariantName = "[No Variations]"
Added Component: Designator=DRIVER1(1x6x2.54 Pin Header TH V)
Add component. Clean all parameters for all variants
Added Component: Designator=DRIVER2(1x6x2.54 Pin Header TH V)
Add component. Clean all parameters for all variants
Added Component: Designator=GYRO(1x4x2.54 Pin Header TH V)
Add component. Clean all parameters for all variants
Added Component: Designator=LIPO1(1x4x2.54 Pin Header TH V)
Add component. Clean all parameters for all variants
Added Component: Designator=LIPO2(1x4x2.54 Pin Header TH V)
Add component. Clean all parameters for all variants
Added Component: Designator=POWER(1x6x2.54 Pin Header TH V)
Add component. Clean all parameters for all variants
Added Component: Designator=PWM2(1x10x2.54 Pin Header TH V)
Add component. Clean all parameters for all variants
Added Component: Designator=PWMARDUINOS(1x8x2.54 Pin Header TH V)
Add component. Clean all parameters for all variants
Added Component: Designator=RGNDO(1x1x2.54 Pin Header TH V)
Add component. Clean all parameters for all variants
Added Component: Designator=RGND(1x1x2.54 Pin Header TH V)
Add component. Clean all parameters for all variants
Added Component: Designator=RVIN?(1x1x2.54 Pin Header TH V)
Add component. Clean all parameters for all variants
Added Component: Designator=RVOUT?(1x1x2.54 Pin Header TH V)
Add component. Clean all parameters for all variants
Added Pin To Net: NetName=3.3v Pin=POWER-2
Added Net: Name=3.3v
Added Pin To Net: NetName=5v Pin=C1-2
Added Pin To Net: NetName=5v Pin=C2-2
Added Pin To Net: NetName=5v Pin=C3-2
Added Pin To Net: NetName=5v Pin=C4-2
Added Pin To Net: NetName=5v Pin=GYRO-1
Added Pin To Net: NetName=5v Pin=POWER-3
Added Net: Name=5v
Added Pin To Net: NetName=AIN11 Pin=DRIVER1-2
Added Net: Name=AIN11
Added Pin To Net: NetName=AIN12 Pin=DRIVER1-3
Added Net: Name=AIN12
Added Pin To Net: NetName=AIN21 Pin=DRIVER1-4
Added Net: Name=AIN21
Added Pin To Net: NetName=AIN22 Pin=DRIVER1-5
Added Net: Name=AIN22
Added Pin To Net: NetName=ATTENTION Pin=ANALOGOS-1
Added Net: Name=ATTENTION
Added Pin To Net: NetName=BIN11 Pin=DRIVER2-2
Added Net: Name=BIN11
Added Pin To Net: NetName=BIN12 Pin=DRIVER2-3
Added Net: Name=BIN12
Added Pin To Net: NetName=BIN21 Pin=DRIVER2-4
Added Net: Name=BIN21
Added Pin To Net: NetName=BIN22 Pin=DRIVER2-5
Added Net: Name=BIN22
Added Pin To Net: NetName=CLOCK Pin=PWM2-10
Added Net: Name=CLOCK
Added Pin To Net: NetName=COMMAND Pin=PWM2-6
Added Net: Name=COMMAND
Added Pin To Net: NetName=DATA Pin=PWM2-5
Added Net: Name=DATA
Added Pin To Net: NetName=GND Pin=C1-1
Added Pin To Net: NetName=GND Pin=C2-1
Added Pin To Net: NetName=GND Pin=C3-1
Added Pin To Net: NetName=GND Pin=C4-1
Added Pin To Net: NetName=GND Pin=GYRO-2
Added Pin To Net: NetName=GND Pin=LIPO1-4
Added Pin To Net: NetName=GND Pin=LIPO2-4
Added Pin To Net: NetName=GND Pin=POWER-4
Added Pin To Net: NetName=GND Pin=POWER-5
Added Pin To Net: NetName=GND Pin=RGND-1
Added Pin To Net: NetName=GND Pin=RGNDO-1
Added Net: Name=GND
Added Pin To Net: NetName=PWMA1 Pin=DRIVER1-1
Added Pin To Net: NetName=PWMA1 Pin=PWMARDUINOS-1
Added Net: Name=PWMA1
Added Pin To Net: NetName=PWMA2 Pin=DRIVER1-6
Added Pin To Net: NetName=PWMA2 Pin=PWMARDUINOS-2
Added Net: Name=PWMA2
Added Pin To Net: NetName=PWMB1 Pin=DRIVER2-1
Added Pin To Net: NetName=PWMB1 Pin=PWMARDUINOS-3
Added Net: Name=PWMB1
Added Pin To Net: NetName=PWMB2 Pin=DRIVER2-6
Added Pin To Net: NetName=PWMB2 Pin=PWMARDUINOS-4
Added Net: Name=PWMB2
Added Pin To Net: NetName=SCL Pin=ANALOGOS-4
Added Pin To Net: NetName=SCL Pin=GYRO-3
Added Net: Name=SCL
Added Pin To Net: NetName=SDA Pin=ANALOGOS-3
Added Pin To Net: NetName=SDA Pin=GYRO-4
Added Net: Name=SDA
Added Pin To Net: NetName=SERVO1 Pin=PWM2-7
Added Net: Name=SERVO1
Added Pin To Net: NetName=SERVO2 Pin=PWM2-8
Added Net: Name=SERVO2
Added Pin To Net: NetName=VC Pin=POWER-6
Added Net: Name=VC
Added Pin To Net: NetName=VL Pin=LIPO1-1
Added Pin To Net: NetName=VL Pin=LIPO2-1
Added Pin To Net: NetName=VL Pin=RVIN?-1
Added Net: Name=VL
Added Pin To Net: NetName=VSERVOS Pin=RVOUT?-1
Added Net: Name=VSERVOS
Added Class: Name=placasdc
Added Room: Name=placasdc
