Removed Pin From Net: NetName=VCC Pin=D1-3
Removed Pin From Net: NetName=VCC Pin=D2-3
Removed Pin From Net: NetName=BIN11 Pin=DIG-5
Removed Pin From Net: NetName=BIN12 Pin=DIG-6
Removed Pin From Net: NetName=BIN21 Pin=DIG-7
Removed Pin From Net: NetName=BIN22 Pin=DIG-8
Removed Pin From Net: NetName=LED5 Pin=PWMARDUINO2-6
Removed Pin From Net: NetName=LED6 Pin=PWMARDUINO2-7
Change component parameters: Designator = "LED1"; Footprint = "LED_0603_Yellow"; UniqueID = "\OWTEUPGG"
Change component parameters. Clean all parameters for all variants
Change component parameters (AddParameter): Name = "Color"; Value = "Yellow"; VariantName = "[No Variations]"
Change component parameters (AddParameter): Name = "ComponentLink1Description"; Value = "Manufacturer"; VariantName = "[No Variations]"
Change component parameters (AddParameter): Name = "ComponentLink1URL"; Value = "http://www.we-online.de"; VariantName = "[No Variations]"
Change component parameters (AddParameter): Name = "ComponentLink2Description"; Value = "Datasheet"; VariantName = "[No Variations]"
Change component parameters (AddParameter): Name = "ComponentLink2URL"; Value = "http://katalog.we-online.com/led/datasheet/150060YS75000.pdf"; VariantName = "[No Variations]"
Change component parameters (AddParameter): Name = "Created by"; Value = "Christin Otto"; VariantName = "[No Variations]"
Change component parameters (AddParameter): Name = "Created Date"; Value = "June 2013"; VariantName = "[No Variations]"
Change component parameters (AddParameter): Name = "Manufacturer"; Value = "W?th Elektronik eiSos GmbH"; VariantName = "[No Variations]"
Change component parameters (AddParameter): Name = "PartNo"; Value = "150060YS75000"; VariantName = "[No Variations]"
Change component parameters: Designator = "LED2"; Footprint = "LED_0603_Yellow"; UniqueID = "\PGSSRJFY"
Change component parameters. Clean all parameters for all variants
Change component parameters (AddParameter): Name = "Color"; Value = "Yellow"; VariantName = "[No Variations]"
Change component parameters (AddParameter): Name = "ComponentLink1Description"; Value = "Manufacturer"; VariantName = "[No Variations]"
Change component parameters (AddParameter): Name = "ComponentLink1URL"; Value = "http://www.we-online.de"; VariantName = "[No Variations]"
Change component parameters (AddParameter): Name = "ComponentLink2Description"; Value = "Datasheet"; VariantName = "[No Variations]"
Change component parameters (AddParameter): Name = "ComponentLink2URL"; Value = "http://katalog.we-online.com/led/datasheet/150060YS75000.pdf"; VariantName = "[No Variations]"
Change component parameters (AddParameter): Name = "Created by"; Value = "Christin Otto"; VariantName = "[No Variations]"
Change component parameters (AddParameter): Name = "Created Date"; Value = "June 2013"; VariantName = "[No Variations]"
Change component parameters (AddParameter): Name = "Manufacturer"; Value = "W?th Elektronik eiSos GmbH"; VariantName = "[No Variations]"
Change component parameters (AddParameter): Name = "PartNo"; Value = "150060YS75000"; VariantName = "[No Variations]"
Change component parameters: Designator = "LED3"; Footprint = "LED_0603_Yellow"; UniqueID = "\OFESOABX"
Change component parameters. Clean all parameters for all variants
Change component parameters (AddParameter): Name = "Color"; Value = "Yellow"; VariantName = "[No Variations]"
Change component parameters (AddParameter): Name = "ComponentLink1Description"; Value = "Manufacturer"; VariantName = "[No Variations]"
Change component parameters (AddParameter): Name = "ComponentLink1URL"; Value = "http://www.we-online.de"; VariantName = "[No Variations]"
Change component parameters (AddParameter): Name = "ComponentLink2Description"; Value = "Datasheet"; VariantName = "[No Variations]"
Change component parameters (AddParameter): Name = "ComponentLink2URL"; Value = "http://katalog.we-online.com/led/datasheet/150060YS75000.pdf"; VariantName = "[No Variations]"
Change component parameters (AddParameter): Name = "Created by"; Value = "Christin Otto"; VariantName = "[No Variations]"
Change component parameters (AddParameter): Name = "Created Date"; Value = "June 2013"; VariantName = "[No Variations]"
Change component parameters (AddParameter): Name = "Manufacturer"; Value = "W?th Elektronik eiSos GmbH"; VariantName = "[No Variations]"
Change component parameters (AddParameter): Name = "PartNo"; Value = "150060YS75000"; VariantName = "[No Variations]"
Change component parameters: Designator = "LED4"; Footprint = "LED_0603_Yellow"; UniqueID = "\CCEXLOAE"
Change component parameters. Clean all parameters for all variants
Change component parameters (AddParameter): Name = "Color"; Value = "Yellow"; VariantName = "[No Variations]"
Change component parameters (AddParameter): Name = "ComponentLink1Description"; Value = "Manufacturer"; VariantName = "[No Variations]"
Change component parameters (AddParameter): Name = "ComponentLink1URL"; Value = "http://www.we-online.de"; VariantName = "[No Variations]"
Change component parameters (AddParameter): Name = "ComponentLink2Description"; Value = "Datasheet"; VariantName = "[No Variations]"
Change component parameters (AddParameter): Name = "ComponentLink2URL"; Value = "http://katalog.we-online.com/led/datasheet/150060YS75000.pdf"; VariantName = "[No Variations]"
Change component parameters (AddParameter): Name = "Created by"; Value = "Christin Otto"; VariantName = "[No Variations]"
Change component parameters (AddParameter): Name = "Created Date"; Value = "June 2013"; VariantName = "[No Variations]"
Change component parameters (AddParameter): Name = "Manufacturer"; Value = "W?th Elektronik eiSos GmbH"; VariantName = "[No Variations]"
Change component parameters (AddParameter): Name = "PartNo"; Value = "150060YS75000"; VariantName = "[No Variations]"
Added Component: Designator=DIP3(691311700002)
Add component. Clean all parameters for all variants
Add component (AddParameter): Name = "ComponentLink1 Description"; Value = "Manufacturer"; VariantName = "[No Variations]"
Add component (AddParameter): Name = "ComponentLink1URL"; Value = "http://www.we-online.com"; VariantName = "[No Variations]"
Add component (AddParameter): Name = "ComponentLink2 Description"; Value = "Datasheet"; VariantName = "[No Variations]"
Add component (AddParameter): Name = "ComponentLink2URL"; Value = "http://katalog.we-online.de/em/datasheet/6913117000xx.pdf"; VariantName = "[No Variations]"
Add component (AddParameter): Name = "Created by"; Value = "Karrer Zheng"; VariantName = "[No Variations]"
Add component (AddParameter): Name = "Created Date"; Value = "6 January 2014"; VariantName = "[No Variations]"
Add component (AddParameter): Name = "Manufacturer"; Value = "W¨¹rth Elektronik eiSos GmbH"; VariantName = "[No Variations]"
Add component (AddParameter): Name = "NoPins"; Value = "02"; VariantName = "[No Variations]"
Add component (AddParameter): Name = "partNo"; Value = "691311700002"; VariantName = "[No Variations]"
Added Pin To Net: NetName=BIN22 Pin=DIG-5
Added Pin To Net: NetName=BIN21 Pin=DIG-6
Added Pin To Net: NetName=BIN12 Pin=DIG-7
Added Pin To Net: NetName=BIN11 Pin=DIG-8
Added Pin To Net: NetName=LED5 Pin=DIG-9
Added Pin To Net: NetName=LED6 Pin=DIG-10
Added Pin To Net: NetName=VCC Pin=DIP3-1
Added Pin To Net: NetName=SERVO1 Pin=PWMARDUINO2-6
Added Pin To Net: NetName=SERVO2 Pin=PWMARDUINO2-7
Added Pin To Net: NetName=VCCD Pin=D1-3
Added Pin To Net: NetName=VCCD Pin=D2-3
Added Pin To Net: NetName=VCCD Pin=DIP3-2
Added Net: Name=VCCD
Added Member To Class: ClassName=placasdc Member=Component DIP3 WE-Terminal Blocks Plugable Type 691311700002
Added Room: Name=placasdc
