Added Component: Designator=LED1(LED_0603_Yellow)
Add component. Clean all parameters for all variants
Add component (AddParameter): Name = "Color"; Value = "Yellow"; VariantName = "[No Variations]"
Add component (AddParameter): Name = "ComponentLink1Description"; Value = "Manufacturer"; VariantName = "[No Variations]"
Add component (AddParameter): Name = "ComponentLink1URL"; Value = "http://www.we-online.de"; VariantName = "[No Variations]"
Add component (AddParameter): Name = "ComponentLink2Description"; Value = "Datasheet"; VariantName = "[No Variations]"
Add component (AddParameter): Name = "ComponentLink2URL"; Value = "http://katalog.we-online.com/led/datasheet/150060YS75000.pdf"; VariantName = "[No Variations]"
Add component (AddParameter): Name = "Created by"; Value = "Christin Otto"; VariantName = "[No Variations]"
Add component (AddParameter): Name = "Created Date"; Value = "June 2013"; VariantName = "[No Variations]"
Add component (AddParameter): Name = "Manufacturer"; Value = "W?th Elektronik eiSos GmbH"; VariantName = "[No Variations]"
Add component (AddParameter): Name = "PartNo"; Value = "150060YS75000"; VariantName = "[No Variations]"
Added Component: Designator=LED2(LED_0603_Yellow)
Add component. Clean all parameters for all variants
Add component (AddParameter): Name = "Color"; Value = "Yellow"; VariantName = "[No Variations]"
Add component (AddParameter): Name = "ComponentLink1Description"; Value = "Manufacturer"; VariantName = "[No Variations]"
Add component (AddParameter): Name = "ComponentLink1URL"; Value = "http://www.we-online.de"; VariantName = "[No Variations]"
Add component (AddParameter): Name = "ComponentLink2Description"; Value = "Datasheet"; VariantName = "[No Variations]"
Add component (AddParameter): Name = "ComponentLink2URL"; Value = "http://katalog.we-online.com/led/datasheet/150060YS75000.pdf"; VariantName = "[No Variations]"
Add component (AddParameter): Name = "Created by"; Value = "Christin Otto"; VariantName = "[No Variations]"
Add component (AddParameter): Name = "Created Date"; Value = "June 2013"; VariantName = "[No Variations]"
Add component (AddParameter): Name = "Manufacturer"; Value = "W?th Elektronik eiSos GmbH"; VariantName = "[No Variations]"
Add component (AddParameter): Name = "PartNo"; Value = "150060YS75000"; VariantName = "[No Variations]"
Added Component: Designator=LED3(LED_0603_Yellow)
Add component. Clean all parameters for all variants
Add component (AddParameter): Name = "Color"; Value = "Yellow"; VariantName = "[No Variations]"
Add component (AddParameter): Name = "ComponentLink1Description"; Value = "Manufacturer"; VariantName = "[No Variations]"
Add component (AddParameter): Name = "ComponentLink1URL"; Value = "http://www.we-online.de"; VariantName = "[No Variations]"
Add component (AddParameter): Name = "ComponentLink2Description"; Value = "Datasheet"; VariantName = "[No Variations]"
Add component (AddParameter): Name = "ComponentLink2URL"; Value = "http://katalog.we-online.com/led/datasheet/150060YS75000.pdf"; VariantName = "[No Variations]"
Add component (AddParameter): Name = "Created by"; Value = "Christin Otto"; VariantName = "[No Variations]"
Add component (AddParameter): Name = "Created Date"; Value = "June 2013"; VariantName = "[No Variations]"
Add component (AddParameter): Name = "Manufacturer"; Value = "W?th Elektronik eiSos GmbH"; VariantName = "[No Variations]"
Add component (AddParameter): Name = "PartNo"; Value = "150060YS75000"; VariantName = "[No Variations]"
Added Component: Designator=LED4(LED_0603_Yellow)
Add component. Clean all parameters for all variants
Add component (AddParameter): Name = "Color"; Value = "Yellow"; VariantName = "[No Variations]"
Add component (AddParameter): Name = "ComponentLink1Description"; Value = "Manufacturer"; VariantName = "[No Variations]"
Add component (AddParameter): Name = "ComponentLink1URL"; Value = "http://www.we-online.de"; VariantName = "[No Variations]"
Add component (AddParameter): Name = "ComponentLink2Description"; Value = "Datasheet"; VariantName = "[No Variations]"
Add component (AddParameter): Name = "ComponentLink2URL"; Value = "http://katalog.we-online.com/led/datasheet/150060YS75000.pdf"; VariantName = "[No Variations]"
Add component (AddParameter): Name = "Created by"; Value = "Christin Otto"; VariantName = "[No Variations]"
Add component (AddParameter): Name = "Created Date"; Value = "June 2013"; VariantName = "[No Variations]"
Add component (AddParameter): Name = "Manufacturer"; Value = "W?th Elektronik eiSos GmbH"; VariantName = "[No Variations]"
Add component (AddParameter): Name = "PartNo"; Value = "150060YS75000"; VariantName = "[No Variations]"
Added Pin To Net: NetName=LED3 Pin=LED1-1
Added Pin To Net: NetName=NetLED1_2 Pin=LED1-2
Added Pin To Net: NetName=LED4 Pin=LED2-1
Added Pin To Net: NetName=NetLED2_2 Pin=LED2-2
Added Pin To Net: NetName=LED5 Pin=LED3-1
Added Pin To Net: NetName=NetLED3_2 Pin=LED3-2
Added Pin To Net: NetName=LED6 Pin=LED4-1
Added Pin To Net: NetName=NetLED4_2 Pin=LED4-2
Added Member To Class: ClassName=placasdc Member=Component LED1 150060YS75000
Added Member To Class: ClassName=placasdc Member=Component LED2 150060YS75000
Added Member To Class: ClassName=placasdc Member=Component LED3 150060YS75000
Added Member To Class: ClassName=placasdc Member=Component LED4 150060YS75000
Added Room: Name=placasdc
