Removed Pin From Net: NetName=SDA Pin=ANALOGOS-3
Removed Pin From Net: NetName=SCL Pin=ANALOGOS-4
Removed Pin From Net: NetName=DATA Pin=PWM2-5
Removed Pin From Net: NetName=COMMAND Pin=PWM2-6
Removed Pin From Net: NetName=SERVO1 Pin=PWM2-7
Removed Pin From Net: NetName=SERVO2 Pin=PWM2-8
Removed Pin From Net: NetName=CLOCK Pin=PWM2-10
Removed Member From Class: ClassName=placasdc Member=PWM2
Added Component: Designator=comunicacion(1x8x2.54 Pin Header TH V)
Add component. Clean all parameters for all variants
Added Component: Designator=CONN?(1x7x2.54 Pin Header TH V)
Add component. Clean all parameters for all variants
Added Pin To Net: NetName=SCL Pin=comunicacion-1
Added Pin To Net: NetName=SDA Pin=comunicacion-2
Added Pin To Net: NetName=DATA Pin=CONN?-2
Added Pin To Net: NetName=COMMAND Pin=CONN?-3
Added Pin To Net: NetName=CLOCK Pin=CONN?-4
Added Member To Class: ClassName=placasdc Member=Component comunicacion Connector
Added Member To Class: ClassName=placasdc Member=Component CONN? Connector
Added Room: Name=placasdc
